<?xml version="1.0" encoding="UTF-8"?>
<!-- Generated by org.testng.reporters.JUnitReportReporter -->
<testsuite skipped="0" hostname="DESKTOP-PB44JCV" name="testng.priority" tests="3" failures="0" timestamp="2021-08-16T16:47:01 IST" time="0.032" errors="0">
  <testcase name="chats" time="0.024" classname="testng.priority"/>
  <system-out>
    <![CDATA[chats]]>
  </system-out>
  <testcase name="status" time="0.003" classname="testng.priority"/>
  <system-out>
    <![CDATA[Status]]>
  </system-out>
  <testcase name="calls" time="0.005" classname="testng.priority"/>
  <system-out>
    <![CDATA[calls]]>
  </system-out>
</testsuite> <!-- testng.priority -->
