<?xml version="1.0" encoding="UTF-8"?>
<!-- Generated by org.testng.reporters.JUnitReportReporter -->
<testsuite skipped="0" hostname="DESKTOP-PB44JCV" name="testng.Test0" tests="1" failures="0" timestamp="2021-08-16T16:34:26 IST" time="0.028" errors="0">
  <testcase name="demo" time="0.028" classname="testng.Test0"/>
  <system-out>
    <![CDATA[hello java
Hello selenum]]>
  </system-out>
</testsuite> <!-- testng.Test0 -->
