<?xml version="1.0" encoding="UTF-8"?>
<!-- Generated by org.testng.reporters.JUnitReportReporter -->
<testsuite skipped="1" hostname="DESKTOP-PB44JCV" name="testng.testcaseenabled" tests="3" failures="0" timestamp="2021-08-20T17:33:13 IST" time="0.035" errors="0">
  <testcase name="chats" time="0.030" classname="testng.testcaseenabled"/>
  <system-out>
    <![CDATA[chats]]>
  </system-out>
  <testcase name="status" time="0.005" classname="testng.testcaseenabled"/>
  <system-out>
    <![CDATA[Status]]>
  </system-out>
  <testcase name="calls" classname="testng.testcaseenabled">
    <skipped/>
  </testcase> <!-- calls -->
  <system-out/>
</testsuite> <!-- testng.testcaseenabled -->
