<?xml version="1.0" encoding="UTF-8"?>
<!-- Generated by org.testng.reporters.JUnitReportReporter -->
<testsuite skipped="0" hostname="DESKTOP-PB44JCV" name="testng.parallel" tests="5" failures="0" timestamp="2021-08-17T11:20:47 IST" time="618.023" errors="0">
  <testcase name="demo" time="112.313" classname="testng.parallel"/>
  <system-out>
    <![CDATA[Facebook – log in or sign up
https://en-gb.facebook.com/]]>
  </system-out>
  <testcase name="demo" time="114.107" classname="testng.parallel"/>
  <system-out>
    <![CDATA[Facebook – log in or sign up
https://en-gb.facebook.com/]]>
  </system-out>
  <testcase name="demo" time="139.926" classname="testng.parallel"/>
  <system-out>
    <![CDATA[Facebook – log in or sign up
https://en-gb.facebook.com/]]>
  </system-out>
  <testcase name="demo" time="141.272" classname="testng.parallel"/>
  <system-out>
    <![CDATA[Facebook – log in or sign up
https://en-gb.facebook.com/]]>
  </system-out>
  <testcase name="demo" time="110.405" classname="testng.parallel"/>
  <system-out>
    <![CDATA[Facebook – log in or sign up
https://en-gb.facebook.com/]]>
  </system-out>
</testsuite> <!-- testng.parallel -->
