<?xml version="1.0" encoding="UTF-8"?>
<!-- Generated by org.testng.reporters.JUnitReportReporter -->
<testsuite skipped="0" hostname="DESKTOP-PB44JCV" name="testng.test1" tests="1" failures="0" timestamp="2021-08-16T17:36:13 IST" time="46.978" errors="0">
  <testcase name="tc1" time="46.978" classname="testng.test1"/>
  <system-out/>
</testsuite> <!-- testng.test1 -->
