<?xml version="1.0" encoding="UTF-8"?>
<!-- Generated by org.testng.reporters.JUnitReportReporter -->
<testsuite skipped="0" hostname="DESKTOP-PB44JCV" name="testng.Innovacationcount" tests="7" failures="0" timestamp="2021-08-20T17:27:36 IST" time="0.049" errors="0">
  <testcase name="chats" time="0.025" classname="testng.Innovacationcount"/>
  <system-out>
    <![CDATA[chats]]>
  </system-out>
  <testcase name="status" time="0.005" classname="testng.Innovacationcount"/>
  <system-out>
    <![CDATA[Status]]>
  </system-out>
  <testcase name="status" time="0.004" classname="testng.Innovacationcount"/>
  <system-out>
    <![CDATA[Status]]>
  </system-out>
  <testcase name="status" time="0.003" classname="testng.Innovacationcount"/>
  <system-out>
    <![CDATA[Status]]>
  </system-out>
  <testcase name="status" time="0.005" classname="testng.Innovacationcount"/>
  <system-out>
    <![CDATA[Status]]>
  </system-out>
  <testcase name="status" time="0.003" classname="testng.Innovacationcount"/>
  <system-out>
    <![CDATA[Status]]>
  </system-out>
  <testcase name="calls" time="0.004" classname="testng.Innovacationcount"/>
  <system-out>
    <![CDATA[calls]]>
  </system-out>
</testsuite> <!-- testng.Innovacationcount -->
